<?xml version="1.0" encoding="UTF-8"?>
<robot generator="Robot 3.2.1 (Python 3.7.2 on win32)" generated="20200702 14:57:31.018" rpa="false">
<suite id="s1" name="Tests" source="D:\Projects\Limehome\Limehome-Testing-Skills\Task_4\tests">
<suite id="s1-s1" name="TC 001 Successful retrieve booking details" source="D:\Projects\Limehome\Limehome-Testing-Skills\Task_4\tests\TC_001_Successful_retrieve_booking_details.robot">
<test id="s1-s1-t1" name="Successful retrieve booking details">
<kw name="Open Browser to Homepage" library="resource">
<kw name="Open Browser" library="SeleniumLibrary">
<doc>Opens a new browser instance to the optional ``url``.</doc>
<arguments>
<arg>None</arg>
<arg>${BROWSER}</arg>
<arg>executable_path=${CHROMEDRIVER}</arg>
</arguments>
<msg timestamp="20200702 14:57:31.217" level="INFO">Opening browser 'Chrome' to base url 'None'.</msg>
<kw name="Capture Page Screenshot" library="SeleniumLibrary">
<doc>Takes a screenshot of the current page and embeds it into a log file.</doc>
<msg timestamp="20200702 14:57:31.219" level="INFO">Cannot capture screenshot because no browser is open.</msg>
<status status="PASS" starttime="20200702 14:57:31.219" endtime="20200702 14:57:31.219"></status>
</kw>
<msg timestamp="20200702 14:57:31.253" level="FAIL">WebDriverException: Message: 'chromedriver.exe' executable needs to be in PATH. Please see https://sites.google.com/a/chromium.org/chromedriver/home
</msg>
<status status="FAIL" starttime="20200702 14:57:31.217" endtime="20200702 14:57:31.253"></status>
</kw>
<status status="FAIL" starttime="20200702 14:57:31.216" endtime="20200702 14:57:31.253"></status>
</kw>
<kw name="Close Browser" library="SeleniumLibrary" type="teardown">
<doc>Closes the current browser.</doc>
<status status="PASS" starttime="20200702 14:57:31.254" endtime="20200702 14:57:31.254"></status>
</kw>
<tags>
<tag>smoke</tag>
</tags>
<status status="FAIL" starttime="20200702 14:57:31.216" endtime="20200702 14:57:31.254" critical="yes">WebDriverException: Message: 'chromedriver.exe' executable needs to be in PATH. Please see https://sites.google.com/a/chromium.org/chromedriver/home
</status>
</test>
<doc>Successful retrieve booking details</doc>
<status status="FAIL" starttime="20200702 14:57:31.039" endtime="20200702 14:57:31.256"></status>
</suite>
<status status="FAIL" starttime="20200702 14:57:31.019" endtime="20200702 14:57:31.258"></status>
</suite>
<statistics>
<total>
<stat pass="0" fail="1">Critical Tests</stat>
<stat pass="0" fail="1">All Tests</stat>
</total>
<tag>
<stat pass="0" fail="1">smoke</stat>
</tag>
<suite>
<stat pass="0" fail="1" id="s1" name="Tests">Tests</stat>
<stat pass="0" fail="1" id="s1-s1" name="TC 001 Successful retrieve booking details">Tests.TC 001 Successful retrieve booking details</stat>
</suite>
</statistics>
<errors>
</errors>
</robot>
